<?xml version="1.0" encoding="UTF-8"?>
<testng-results ignored="0" total="17" passed="15" failed="2" skipped="0">
  <reporter-output>
  </reporter-output>
  <suite started-at="2026-04-16T17:01:24 IST" name="Default suite" finished-at="2026-04-16T17:03:13 IST" duration-ms="109450">
    <groups>
    </groups>
    <test started-at="2026-04-16T17:01:24 IST" name="Default test" finished-at="2026-04-16T17:03:13 IST" duration-ms="109450">
      <class name="tests.YouTubeTest">
        <test-method is-config="true" signature="setupTest()[pri:0, instance:tests.YouTubeTest@408d971b]" started-at="2026-04-16T17:01:24 IST" name="setupTest" finished-at="2026-04-16T17:01:43 IST" duration-ms="19244" status="PASS">
          <reporter-output>
          </reporter-output>
        </test-method> <!-- setupTest -->
        <test-method signature="clickFirstVideoTest()[pri:0, instance:tests.YouTubeTest@408d971b]" started-at="2026-04-16T17:01:43 IST" name="clickFirstVideoTest" finished-at="2026-04-16T17:01:45 IST" duration-ms="1950" status="PASS">
          <reporter-output>
          </reporter-output>
        </test-method> <!-- clickFirstVideoTest -->
        <test-method is-config="true" signature="tearDownTest()[pri:0, instance:tests.YouTubeTest@408d971b]" started-at="2026-04-16T17:01:45 IST" name="tearDownTest" finished-at="2026-04-16T17:01:45 IST" duration-ms="144" status="PASS">
          <reporter-output>
          </reporter-output>
        </test-method> <!-- tearDownTest -->
        <test-method is-config="true" signature="setupTest()[pri:0, instance:tests.YouTubeTest@408d971b]" started-at="2026-04-16T17:01:45 IST" name="setupTest" finished-at="2026-04-16T17:01:49 IST" duration-ms="4011" status="PASS">
          <reporter-output>
          </reporter-output>
        </test-method> <!-- setupTest -->
        <test-method signature="emptySearchTest()[pri:0, instance:tests.YouTubeTest@408d971b]" started-at="2026-04-16T17:01:49 IST" name="emptySearchTest" finished-at="2026-04-16T17:01:49 IST" duration-ms="127" status="PASS">
          <reporter-output>
          </reporter-output>
        </test-method> <!-- emptySearchTest -->
        <test-method is-config="true" signature="tearDownTest()[pri:0, instance:tests.YouTubeTest@408d971b]" started-at="2026-04-16T17:01:49 IST" name="tearDownTest" finished-at="2026-04-16T17:01:50 IST" duration-ms="110" status="PASS">
          <reporter-output>
          </reporter-output>
        </test-method> <!-- tearDownTest -->
        <test-method is-config="true" signature="setupTest()[pri:0, instance:tests.YouTubeTest@408d971b]" started-at="2026-04-16T17:01:50 IST" name="setupTest" finished-at="2026-04-16T17:01:53 IST" duration-ms="3514" status="PASS">
          <reporter-output>
          </reporter-output>
        </test-method> <!-- setupTest -->
        <test-method signature="exploreNavigationTest()[pri:0, instance:tests.YouTubeTest@408d971b]" started-at="2026-04-16T17:01:53 IST" name="exploreNavigationTest" finished-at="2026-04-16T17:01:53 IST" duration-ms="12" status="FAIL">
          <exception class="org.openqa.selenium.NoSuchElementException">
            <message>
              <![CDATA[no such element: Unable to locate element: {"method":"xpath","selector":"//a[@title='Explore']"}
  (Session info: chrome=147.0.7727.101)
For documentation on this error, please visit: https://www.selenium.dev/documentation/webdriver/troubleshooting/errors#no-such-element-exception
Build info: version: '4.18.1', revision: 'b1d3319b48'
System info: os.name: 'Mac OS X', os.arch: 'aarch64', os.version: '26.3.1', java.version: '21.0.7'
Driver info: org.openqa.selenium.chrome.ChromeDriver
Command: [5fdf318014ee3bb06f43fc3a1885b76e, findElement {value=//a[@title='Explore'], using=xpath}]
Capabilities {acceptInsecureCerts: false, browserName: chrome, browserVersion: 147.0.7727.101, chrome: {chromedriverVersion: 147.0.7727.57 (b4f28b5637d0..., userDataDir: /var/folders/dl/y6nkh92n4dl...}, fedcm:accounts: true, goog:chromeOptions: {debuggerAddress: localhost:62368}, goog:processID: 33232, networkConnectionEnabled: false, pageLoadStrategy: normal, platformName: mac, proxy: Proxy(), se:cdp: ws://localhost:62368/devtoo..., se:cdpVersion: 147.0.7727.101, setWindowRect: true, strictFileInteractability: false, timeouts: {implicit: 0, pageLoad: 300000, script: 30000}, unhandledPromptBehavior: dismiss and notify, webauthn:extension:credBlob: true, webauthn:extension:largeBlob: true, webauthn:extension:minPinLength: true, webauthn:extension:prf: true, webauthn:virtualAuthenticators: true}
Session ID: 5fdf318014ee3bb06f43fc3a1885b76e]]>
            </message>
            <full-stacktrace>
              <![CDATA[org.openqa.selenium.NoSuchElementException: no such element: Unable to locate element: {"method":"xpath","selector":"//a[@title='Explore']"}
  (Session info: chrome=147.0.7727.101)
For documentation on this error, please visit: https://www.selenium.dev/documentation/webdriver/troubleshooting/errors#no-such-element-exception
Build info: version: '4.18.1', revision: 'b1d3319b48'
System info: os.name: 'Mac OS X', os.arch: 'aarch64', os.version: '26.3.1', java.version: '21.0.7'
Driver info: org.openqa.selenium.chrome.ChromeDriver
Command: [5fdf318014ee3bb06f43fc3a1885b76e, findElement {value=//a[@title='Explore'], using=xpath}]
Capabilities {acceptInsecureCerts: false, browserName: chrome, browserVersion: 147.0.7727.101, chrome: {chromedriverVersion: 147.0.7727.57 (b4f28b5637d0..., userDataDir: /var/folders/dl/y6nkh92n4dl...}, fedcm:accounts: true, goog:chromeOptions: {debuggerAddress: localhost:62368}, goog:processID: 33232, networkConnectionEnabled: false, pageLoadStrategy: normal, platformName: mac, proxy: Proxy(), se:cdp: ws://localhost:62368/devtoo..., se:cdpVersion: 147.0.7727.101, setWindowRect: true, strictFileInteractability: false, timeouts: {implicit: 0, pageLoad: 300000, script: 30000}, unhandledPromptBehavior: dismiss and notify, webauthn:extension:credBlob: true, webauthn:extension:largeBlob: true, webauthn:extension:minPinLength: true, webauthn:extension:prf: true, webauthn:virtualAuthenticators: true}
Session ID: 5fdf318014ee3bb06f43fc3a1885b76e
at java.base/jdk.internal.reflect.DirectConstructorHandleAccessor.newInstance(DirectConstructorHandleAccessor.java:62)
at java.base/java.lang.reflect.Constructor.newInstanceWithCaller(Constructor.java:502)
at java.base/java.lang.reflect.Constructor.newInstance(Constructor.java:486)
at org.openqa.selenium.remote.ErrorCodec.decode(ErrorCodec.java:167)
at org.openqa.selenium.remote.codec.w3c.W3CHttpResponseCodec.decode(W3CHttpResponseCodec.java:138)
at org.openqa.selenium.remote.codec.w3c.W3CHttpResponseCodec.decode(W3CHttpResponseCodec.java:50)
at org.openqa.selenium.remote.HttpCommandExecutor.execute(HttpCommandExecutor.java:190)
at org.openqa.selenium.remote.service.DriverCommandExecutor.invokeExecute(DriverCommandExecutor.java:216)
at org.openqa.selenium.remote.service.DriverCommandExecutor.execute(DriverCommandExecutor.java:174)
at org.openqa.selenium.remote.RemoteWebDriver.execute(RemoteWebDriver.java:519)
at org.openqa.selenium.remote.ElementLocation$ElementFinder$2.findElement(ElementLocation.java:165)
at org.openqa.selenium.remote.ElementLocation.findElement(ElementLocation.java:59)
at org.openqa.selenium.remote.RemoteWebDriver.findElement(RemoteWebDriver.java:356)
at org.openqa.selenium.remote.RemoteWebDriver.findElement(RemoteWebDriver.java:350)
at tests.YouTubeTest.exploreNavigationTest(YouTubeTest.java:182)
at java.base/jdk.internal.reflect.DirectMethodHandleAccessor.invoke(DirectMethodHandleAccessor.java:103)
at java.base/java.lang.reflect.Method.invoke(Method.java:580)
at org.testng.internal.invokers.MethodInvocationHelper.invokeMethod(MethodInvocationHelper.java:141)
at org.testng.internal.invokers.TestInvoker.invokeMethod(TestInvoker.java:687)
at org.testng.internal.invokers.TestInvoker.invokeTestMethod(TestInvoker.java:230)
at org.testng.internal.invokers.MethodRunner.runInSequence(MethodRunner.java:63)
at org.testng.internal.invokers.TestInvoker$MethodInvocationAgent.invoke(TestInvoker.java:995)
at org.testng.internal.invokers.TestInvoker.invokeTestMethods(TestInvoker.java:203)
at org.testng.internal.invokers.TestMethodWorker.invokeTestMethods(TestMethodWorker.java:154)
at org.testng.internal.invokers.TestMethodWorker.run(TestMethodWorker.java:134)
at java.base/java.util.ArrayList.forEach(ArrayList.java:1596)
at org.testng.TestRunner.privateRun(TestRunner.java:741)
at org.testng.TestRunner.run(TestRunner.java:616)
at org.testng.SuiteRunner.runTest(SuiteRunner.java:421)
at org.testng.SuiteRunner.runSequentially(SuiteRunner.java:413)
at org.testng.SuiteRunner.privateRun(SuiteRunner.java:373)
at org.testng.SuiteRunner.run(SuiteRunner.java:312)
at org.testng.SuiteRunnerWorker.runSuite(SuiteRunnerWorker.java:52)
at org.testng.SuiteRunnerWorker.run(SuiteRunnerWorker.java:95)
at org.testng.TestNG.runSuitesSequentially(TestNG.java:1274)
at org.testng.TestNG.runSuitesLocally(TestNG.java:1208)
at org.testng.TestNG.runSuites(TestNG.java:1112)
at org.testng.TestNG.run(TestNG.java:1079)
at org.testng.remote.AbstractRemoteTestNG.run(AbstractRemoteTestNG.java:115)
at org.testng.remote.RemoteTestNG.initAndRun(RemoteTestNG.java:293)
at org.testng.remote.RemoteTestNG.main(RemoteTestNG.java:91)
]]>
            </full-stacktrace>
          </exception> <!-- org.openqa.selenium.NoSuchElementException -->
          <reporter-output>
          </reporter-output>
        </test-method> <!-- exploreNavigationTest -->
        <test-method is-config="true" signature="tearDownTest()[pri:0, instance:tests.YouTubeTest@408d971b]" started-at="2026-04-16T17:01:53 IST" name="tearDownTest" finished-at="2026-04-16T17:01:53 IST" duration-ms="106" status="PASS">
          <reporter-output>
          </reporter-output>
        </test-method> <!-- tearDownTest -->
        <test-method is-config="true" signature="setupTest()[pri:0, instance:tests.YouTubeTest@408d971b]" started-at="2026-04-16T17:01:53 IST" name="setupTest" finished-at="2026-04-16T17:01:57 IST" duration-ms="4179" status="PASS">
          <reporter-output>
          </reporter-output>
        </test-method> <!-- setupTest -->
        <test-method signature="homeNavigationTest()[pri:0, instance:tests.YouTubeTest@408d971b]" started-at="2026-04-16T17:01:57 IST" name="homeNavigationTest" finished-at="2026-04-16T17:01:58 IST" duration-ms="801" status="PASS">
          <reporter-output>
          </reporter-output>
        </test-method> <!-- homeNavigationTest -->
        <test-method is-config="true" signature="tearDownTest()[pri:0, instance:tests.YouTubeTest@408d971b]" started-at="2026-04-16T17:01:58 IST" name="tearDownTest" finished-at="2026-04-16T17:01:58 IST" duration-ms="125" status="PASS">
          <reporter-output>
          </reporter-output>
        </test-method> <!-- tearDownTest -->
        <test-method is-config="true" signature="setupTest()[pri:0, instance:tests.YouTubeTest@408d971b]" started-at="2026-04-16T17:01:58 IST" name="setupTest" finished-at="2026-04-16T17:02:02 IST" duration-ms="3652" status="PASS">
          <reporter-output>
          </reporter-output>
        </test-method> <!-- setupTest -->
        <test-method signature="multipleValidationTest()[pri:0, instance:tests.YouTubeTest@408d971b]" started-at="2026-04-16T17:02:02 IST" name="multipleValidationTest" finished-at="2026-04-16T17:02:02 IST" duration-ms="10" status="PASS">
          <reporter-output>
          </reporter-output>
        </test-method> <!-- multipleValidationTest -->
        <test-method is-config="true" signature="tearDownTest()[pri:0, instance:tests.YouTubeTest@408d971b]" started-at="2026-04-16T17:02:02 IST" name="tearDownTest" finished-at="2026-04-16T17:02:02 IST" duration-ms="102" status="PASS">
          <reporter-output>
          </reporter-output>
        </test-method> <!-- tearDownTest -->
        <test-method is-config="true" signature="setupTest()[pri:0, instance:tests.YouTubeTest@408d971b]" started-at="2026-04-16T17:02:02 IST" name="setupTest" finished-at="2026-04-16T17:02:06 IST" duration-ms="3609" status="PASS">
          <reporter-output>
          </reporter-output>
        </test-method> <!-- setupTest -->
        <test-method signature="pageLoadTest()[pri:0, instance:tests.YouTubeTest@408d971b]" started-at="2026-04-16T17:02:06 IST" name="pageLoadTest" finished-at="2026-04-16T17:02:07 IST" duration-ms="1282" status="PASS">
          <reporter-output>
          </reporter-output>
        </test-method> <!-- pageLoadTest -->
        <test-method is-config="true" signature="tearDownTest()[pri:0, instance:tests.YouTubeTest@408d971b]" started-at="2026-04-16T17:02:07 IST" name="tearDownTest" finished-at="2026-04-16T17:02:07 IST" duration-ms="119" status="PASS">
          <reporter-output>
          </reporter-output>
        </test-method> <!-- tearDownTest -->
        <test-method is-config="true" signature="setupTest()[pri:0, instance:tests.YouTubeTest@408d971b]" started-at="2026-04-16T17:02:07 IST" name="setupTest" finished-at="2026-04-16T17:02:10 IST" duration-ms="3139" status="PASS">
          <reporter-output>
          </reporter-output>
        </test-method> <!-- setupTest -->
        <test-method signature="scrollTest()[pri:0, instance:tests.YouTubeTest@408d971b]" started-at="2026-04-16T17:02:10 IST" name="scrollTest" finished-at="2026-04-16T17:02:12 IST" duration-ms="1513" status="PASS">
          <reporter-output>
          </reporter-output>
        </test-method> <!-- scrollTest -->
        <test-method is-config="true" signature="tearDownTest()[pri:0, instance:tests.YouTubeTest@408d971b]" started-at="2026-04-16T17:02:12 IST" name="tearDownTest" finished-at="2026-04-16T17:02:12 IST" duration-ms="128" status="PASS">
          <reporter-output>
          </reporter-output>
        </test-method> <!-- tearDownTest -->
        <test-method is-config="true" signature="setupTest()[pri:0, instance:tests.YouTubeTest@408d971b]" started-at="2026-04-16T17:02:12 IST" name="setupTest" finished-at="2026-04-16T17:02:16 IST" duration-ms="4590" status="PASS">
          <reporter-output>
          </reporter-output>
        </test-method> <!-- setupTest -->
        <test-method signature="searchSuggestionTest()[pri:0, instance:tests.YouTubeTest@408d971b]" started-at="2026-04-16T17:02:16 IST" name="searchSuggestionTest" finished-at="2026-04-16T17:02:18 IST" duration-ms="1201" status="PASS">
          <reporter-output>
          </reporter-output>
        </test-method> <!-- searchSuggestionTest -->
        <test-method is-config="true" signature="tearDownTest()[pri:0, instance:tests.YouTubeTest@408d971b]" started-at="2026-04-16T17:02:18 IST" name="tearDownTest" finished-at="2026-04-16T17:02:18 IST" duration-ms="116" status="PASS">
          <reporter-output>
          </reporter-output>
        </test-method> <!-- tearDownTest -->
        <test-method is-config="true" signature="setupTest()[pri:0, instance:tests.YouTubeTest@408d971b]" started-at="2026-04-16T17:02:18 IST" name="setupTest" finished-at="2026-04-16T17:02:21 IST" duration-ms="3469" status="PASS">
          <reporter-output>
          </reporter-output>
        </test-method> <!-- setupTest -->
        <test-method signature="searchTest(java.lang.String)[pri:0, instance:tests.YouTubeTest@408d971b]" started-at="2026-04-16T17:02:21 IST" name="searchTest" data-provider="searchData" finished-at="2026-04-16T17:02:22 IST" duration-ms="273" status="PASS">
          <params>
            <param index="0">
              <value>
                <![CDATA[java tutorial]]>
              </value>
            </param>
          </params>
          <reporter-output>
          </reporter-output>
        </test-method> <!-- searchTest -->
        <test-method is-config="true" signature="tearDownTest()[pri:0, instance:tests.YouTubeTest@408d971b]" started-at="2026-04-16T17:02:22 IST" name="tearDownTest" finished-at="2026-04-16T17:02:22 IST" duration-ms="108" status="PASS">
          <reporter-output>
          </reporter-output>
        </test-method> <!-- tearDownTest -->
        <test-method is-config="true" signature="setupTest()[pri:0, instance:tests.YouTubeTest@408d971b]" started-at="2026-04-16T17:02:22 IST" name="setupTest" finished-at="2026-04-16T17:02:25 IST" duration-ms="3319" status="PASS">
          <reporter-output>
          </reporter-output>
        </test-method> <!-- setupTest -->
        <test-method signature="searchUrlTest()[pri:0, instance:tests.YouTubeTest@408d971b]" started-at="2026-04-16T17:02:25 IST" name="searchUrlTest" finished-at="2026-04-16T17:02:25 IST" duration-ms="158" status="PASS">
          <reporter-output>
          </reporter-output>
        </test-method> <!-- searchUrlTest -->
        <test-method is-config="true" signature="tearDownTest()[pri:0, instance:tests.YouTubeTest@408d971b]" started-at="2026-04-16T17:02:25 IST" name="tearDownTest" finished-at="2026-04-16T17:02:25 IST" duration-ms="100" status="PASS">
          <reporter-output>
          </reporter-output>
        </test-method> <!-- tearDownTest -->
        <test-method is-config="true" signature="setupTest()[pri:0, instance:tests.YouTubeTest@408d971b]" started-at="2026-04-16T17:02:25 IST" name="setupTest" finished-at="2026-04-16T17:02:29 IST" duration-ms="3780" status="PASS">
          <reporter-output>
          </reporter-output>
        </test-method> <!-- setupTest -->
        <test-method signature="signInButtonTest()[pri:0, instance:tests.YouTubeTest@408d971b]" started-at="2026-04-16T17:02:29 IST" name="signInButtonTest" finished-at="2026-04-16T17:02:29 IST" duration-ms="23" status="PASS">
          <reporter-output>
          </reporter-output>
        </test-method> <!-- signInButtonTest -->
        <test-method is-config="true" signature="tearDownTest()[pri:0, instance:tests.YouTubeTest@408d971b]" started-at="2026-04-16T17:02:29 IST" name="tearDownTest" finished-at="2026-04-16T17:02:29 IST" duration-ms="105" status="PASS">
          <reporter-output>
          </reporter-output>
        </test-method> <!-- tearDownTest -->
        <test-method is-config="true" signature="setupTest()[pri:0, instance:tests.YouTubeTest@408d971b]" started-at="2026-04-16T17:02:29 IST" name="setupTest" finished-at="2026-04-16T17:02:33 IST" duration-ms="4311" status="PASS">
          <reporter-output>
          </reporter-output>
        </test-method> <!-- setupTest -->
        <test-method signature="signInFlowTest()[pri:0, instance:tests.YouTubeTest@408d971b]" started-at="2026-04-16T17:02:33 IST" name="signInFlowTest" finished-at="2026-04-16T17:02:45 IST" duration-ms="11144" status="FAIL">
          <exception class="org.openqa.selenium.TimeoutException">
            <message>
              <![CDATA[Expected condition failed: waiting for visibility of element located by By.name: Passwd (tried for 8 second(s) with 500 milliseconds interval)
Build info: version: '4.18.1', revision: 'b1d3319b48'
System info: os.name: 'Mac OS X', os.arch: 'aarch64', os.version: '26.3.1', java.version: '21.0.7'
Driver info: org.openqa.selenium.chrome.ChromeDriver
Capabilities {acceptInsecureCerts: false, browserName: chrome, browserVersion: 147.0.7727.101, chrome: {chromedriverVersion: 147.0.7727.57 (b4f28b5637d0..., userDataDir: /var/folders/dl/y6nkh92n4dl...}, fedcm:accounts: true, goog:chromeOptions: {debuggerAddress: localhost:62712}, goog:processID: 33407, networkConnectionEnabled: false, pageLoadStrategy: normal, platformName: mac, proxy: Proxy(), se:cdp: ws://localhost:62712/devtoo..., se:cdpVersion: 147.0.7727.101, setWindowRect: true, strictFileInteractability: false, timeouts: {implicit: 0, pageLoad: 300000, script: 30000}, unhandledPromptBehavior: dismiss and notify, webauthn:extension:credBlob: true, webauthn:extension:largeBlob: true, webauthn:extension:minPinLength: true, webauthn:extension:prf: true, webauthn:virtualAuthenticators: true}
Session ID: 8884aa588e6371ea55aa681dd6c8e3ec]]>
            </message>
            <full-stacktrace>
              <![CDATA[org.openqa.selenium.TimeoutException: Expected condition failed: waiting for visibility of element located by By.name: Passwd (tried for 8 second(s) with 500 milliseconds interval)
Build info: version: '4.18.1', revision: 'b1d3319b48'
System info: os.name: 'Mac OS X', os.arch: 'aarch64', os.version: '26.3.1', java.version: '21.0.7'
Driver info: org.openqa.selenium.chrome.ChromeDriver
Capabilities {acceptInsecureCerts: false, browserName: chrome, browserVersion: 147.0.7727.101, chrome: {chromedriverVersion: 147.0.7727.57 (b4f28b5637d0..., userDataDir: /var/folders/dl/y6nkh92n4dl...}, fedcm:accounts: true, goog:chromeOptions: {debuggerAddress: localhost:62712}, goog:processID: 33407, networkConnectionEnabled: false, pageLoadStrategy: normal, platformName: mac, proxy: Proxy(), se:cdp: ws://localhost:62712/devtoo..., se:cdpVersion: 147.0.7727.101, setWindowRect: true, strictFileInteractability: false, timeouts: {implicit: 0, pageLoad: 300000, script: 30000}, unhandledPromptBehavior: dismiss and notify, webauthn:extension:credBlob: true, webauthn:extension:largeBlob: true, webauthn:extension:minPinLength: true, webauthn:extension:prf: true, webauthn:virtualAuthenticators: true}
Session ID: 8884aa588e6371ea55aa681dd6c8e3ec
at org.openqa.selenium.support.ui.WebDriverWait.timeoutException(WebDriverWait.java:84)
at org.openqa.selenium.support.ui.FluentWait.until(FluentWait.java:228)
at tests.YouTubeTest.signInFlowTest(YouTubeTest.java:272)
at java.base/jdk.internal.reflect.DirectMethodHandleAccessor.invoke(DirectMethodHandleAccessor.java:103)
at java.base/java.lang.reflect.Method.invoke(Method.java:580)
at org.testng.internal.invokers.MethodInvocationHelper.invokeMethod(MethodInvocationHelper.java:141)
at org.testng.internal.invokers.TestInvoker.invokeMethod(TestInvoker.java:687)
at org.testng.internal.invokers.TestInvoker.invokeTestMethod(TestInvoker.java:230)
at org.testng.internal.invokers.MethodRunner.runInSequence(MethodRunner.java:63)
at org.testng.internal.invokers.TestInvoker$MethodInvocationAgent.invoke(TestInvoker.java:995)
at org.testng.internal.invokers.TestInvoker.invokeTestMethods(TestInvoker.java:203)
at org.testng.internal.invokers.TestMethodWorker.invokeTestMethods(TestMethodWorker.java:154)
at org.testng.internal.invokers.TestMethodWorker.run(TestMethodWorker.java:134)
at java.base/java.util.ArrayList.forEach(ArrayList.java:1596)
at org.testng.TestRunner.privateRun(TestRunner.java:741)
at org.testng.TestRunner.run(TestRunner.java:616)
at org.testng.SuiteRunner.runTest(SuiteRunner.java:421)
at org.testng.SuiteRunner.runSequentially(SuiteRunner.java:413)
at org.testng.SuiteRunner.privateRun(SuiteRunner.java:373)
at org.testng.SuiteRunner.run(SuiteRunner.java:312)
at org.testng.SuiteRunnerWorker.runSuite(SuiteRunnerWorker.java:52)
at org.testng.SuiteRunnerWorker.run(SuiteRunnerWorker.java:95)
at org.testng.TestNG.runSuitesSequentially(TestNG.java:1274)
at org.testng.TestNG.runSuitesLocally(TestNG.java:1208)
at org.testng.TestNG.runSuites(TestNG.java:1112)
at org.testng.TestNG.run(TestNG.java:1079)
at org.testng.remote.AbstractRemoteTestNG.run(AbstractRemoteTestNG.java:115)
at org.testng.remote.RemoteTestNG.initAndRun(RemoteTestNG.java:293)
at org.testng.remote.RemoteTestNG.main(RemoteTestNG.java:91)
]]>
            </full-stacktrace>
          </exception> <!-- org.openqa.selenium.TimeoutException -->
          <reporter-output>
          </reporter-output>
        </test-method> <!-- signInFlowTest -->
        <test-method is-config="true" signature="tearDownTest()[pri:0, instance:tests.YouTubeTest@408d971b]" started-at="2026-04-16T17:02:45 IST" name="tearDownTest" finished-at="2026-04-16T17:02:45 IST" duration-ms="183" status="PASS">
          <reporter-output>
          </reporter-output>
        </test-method> <!-- tearDownTest -->
        <test-method is-config="true" signature="setupTest()[pri:0, instance:tests.YouTubeTest@408d971b]" started-at="2026-04-16T17:02:45 IST" name="setupTest" finished-at="2026-04-16T17:02:49 IST" duration-ms="4307" status="PASS">
          <reporter-output>
          </reporter-output>
        </test-method> <!-- setupTest -->
        <test-method signature="signInNavigationTest()[pri:0, instance:tests.YouTubeTest@408d971b]" started-at="2026-04-16T17:02:49 IST" name="signInNavigationTest" finished-at="2026-04-16T17:02:51 IST" duration-ms="2321" status="PASS">
          <reporter-output>
          </reporter-output>
        </test-method> <!-- signInNavigationTest -->
        <test-method is-config="true" signature="tearDownTest()[pri:0, instance:tests.YouTubeTest@408d971b]" started-at="2026-04-16T17:02:51 IST" name="tearDownTest" finished-at="2026-04-16T17:02:52 IST" duration-ms="125" status="PASS">
          <reporter-output>
          </reporter-output>
        </test-method> <!-- tearDownTest -->
        <test-method is-config="true" signature="setupTest()[pri:0, instance:tests.YouTubeTest@408d971b]" started-at="2026-04-16T17:02:52 IST" name="setupTest" finished-at="2026-04-16T17:02:55 IST" duration-ms="3413" status="PASS">
          <reporter-output>
          </reporter-output>
        </test-method> <!-- setupTest -->
        <test-method signature="titleChangeAfterClickTest()[pri:0, instance:tests.YouTubeTest@408d971b]" started-at="2026-04-16T17:02:55 IST" name="titleChangeAfterClickTest" finished-at="2026-04-16T17:02:57 IST" duration-ms="1884" status="PASS">
          <reporter-output>
          </reporter-output>
        </test-method> <!-- titleChangeAfterClickTest -->
        <test-method is-config="true" signature="tearDownTest()[pri:0, instance:tests.YouTubeTest@408d971b]" started-at="2026-04-16T17:02:57 IST" name="tearDownTest" finished-at="2026-04-16T17:02:57 IST" duration-ms="122" status="PASS">
          <reporter-output>
          </reporter-output>
        </test-method> <!-- tearDownTest -->
        <test-method is-config="true" signature="setupTest()[pri:0, instance:tests.YouTubeTest@408d971b]" started-at="2026-04-16T17:02:57 IST" name="setupTest" finished-at="2026-04-16T17:03:01 IST" duration-ms="4144" status="PASS">
          <reporter-output>
          </reporter-output>
        </test-method> <!-- setupTest -->
        <test-method signature="videoPlayerControlsTest()[pri:0, instance:tests.YouTubeTest@408d971b]" started-at="2026-04-16T17:03:01 IST" name="videoPlayerControlsTest" finished-at="2026-04-16T17:03:04 IST" duration-ms="3372" status="PASS">
          <reporter-output>
          </reporter-output>
        </test-method> <!-- videoPlayerControlsTest -->
        <test-method is-config="true" signature="tearDownTest()[pri:0, instance:tests.YouTubeTest@408d971b]" started-at="2026-04-16T17:03:04 IST" name="tearDownTest" finished-at="2026-04-16T17:03:05 IST" duration-ms="148" status="PASS">
          <reporter-output>
          </reporter-output>
        </test-method> <!-- tearDownTest -->
        <test-method is-config="true" signature="setupTest()[pri:0, instance:tests.YouTubeTest@408d971b]" started-at="2026-04-16T17:03:05 IST" name="setupTest" finished-at="2026-04-16T17:03:08 IST" duration-ms="3433" status="PASS">
          <reporter-output>
          </reporter-output>
        </test-method> <!-- setupTest -->
        <test-method signature="videoResultsTest()[pri:0, instance:tests.YouTubeTest@408d971b]" started-at="2026-04-16T17:03:08 IST" name="videoResultsTest" finished-at="2026-04-16T17:03:10 IST" duration-ms="1731" status="PASS">
          <reporter-output>
          </reporter-output>
        </test-method> <!-- videoResultsTest -->
        <test-method is-config="true" signature="tearDownTest()[pri:0, instance:tests.YouTubeTest@408d971b]" started-at="2026-04-16T17:03:10 IST" name="tearDownTest" finished-at="2026-04-16T17:03:10 IST" duration-ms="119" status="PASS">
          <reporter-output>
          </reporter-output>
        </test-method> <!-- tearDownTest -->
        <test-method is-config="true" signature="setupTest()[pri:0, instance:tests.YouTubeTest@408d971b]" started-at="2026-04-16T17:03:10 IST" name="setupTest" finished-at="2026-04-16T17:03:13 IST" duration-ms="3388" status="PASS">
          <reporter-output>
          </reporter-output>
        </test-method> <!-- setupTest -->
        <test-method signature="voiceSearchTest()[pri:0, instance:tests.YouTubeTest@408d971b]" started-at="2026-04-16T17:03:13 IST" name="voiceSearchTest" finished-at="2026-04-16T17:03:13 IST" duration-ms="16" status="PASS">
          <reporter-output>
          </reporter-output>
        </test-method> <!-- voiceSearchTest -->
        <test-method is-config="true" signature="tearDownTest()[pri:0, instance:tests.YouTubeTest@408d971b]" started-at="2026-04-16T17:03:13 IST" name="tearDownTest" finished-at="2026-04-16T17:03:13 IST" duration-ms="104" status="PASS">
          <reporter-output>
          </reporter-output>
        </test-method> <!-- tearDownTest -->
      </class> <!-- tests.YouTubeTest -->
    </test> <!-- Default test -->
  </suite> <!-- Default suite -->
</testng-results>
